  GameTechRenderer.cpp
c:\program files (x86)\windows kits\10\include\10.0.15063.0\um\winsock2.h(17): warning C4005: '_WINSOCKAPI_': macro redefinition
  c:\users\b8062133\gametech\csc8503\gametech\gametechrenderer.cpp: note: see previous definition of '_WINSOCKAPI_'
  Main.cpp
c:\program files (x86)\windows kits\10\include\10.0.15063.0\um\winsock2.h(17): warning C4005: '_WINSOCKAPI_': macro redefinition
  c:\users\b8062133\gametech\csc8503\gametech\main.cpp: note: see previous definition of '_WINSOCKAPI_'
c:\users\b8062133\gametech\csc8503\gametech\main.cpp(124): warning C4018: '<': signed/unsigned mismatch
  NetworkedGame.cpp
c:\program files (x86)\windows kits\10\include\10.0.15063.0\um\winsock2.h(17): warning C4005: '_WINSOCKAPI_': macro redefinition
  c:\users\b8062133\gametech\csc8503\gametech\networkedgame.cpp: note: see previous definition of '_WINSOCKAPI_'
  NetworkPlayer.cpp
c:\program files (x86)\windows kits\10\include\10.0.15063.0\um\winsock2.h(17): warning C4005: '_WINSOCKAPI_': macro redefinition
  c:\users\b8062133\gametech\csc8503\gametech\networkplayer.cpp: note: see previous definition of '_WINSOCKAPI_'
  TutorialGame.cpp
c:\program files (x86)\windows kits\10\include\10.0.15063.0\um\winsock2.h(17): warning C4005: '_WINSOCKAPI_': macro redefinition
  c:\users\b8062133\gametech\csc8503\gametech\tutorialgame.cpp: note: see previous definition of '_WINSOCKAPI_'
c:\users\b8062133\gametech\csc8503\gametech\tutorialgame.cpp(186): warning C4305: 'argument': truncation from 'double' to 'const float'
c:\users\b8062133\gametech\csc8503\gametech\tutorialgame.cpp(190): warning C4305: 'argument': truncation from 'double' to 'const float'
c:\users\b8062133\gametech\csc8503\gametech\tutorialgame.cpp(577): warning C4018: '<': signed/unsigned mismatch
c:\users\b8062133\gametech\csc8503\gametech\tutorialgame.cpp(578): warning C4018: '<': signed/unsigned mismatch
c:\users\b8062133\gametech\csc8503\gametech\tutorialgame.cpp(583): warning C4244: 'argument': conversion from 'unsigned int' to 'const float', possible loss of data
c:\users\b8062133\gametech\csc8503\gametech\tutorialgame.cpp(587): warning C4244: 'argument': conversion from 'unsigned int' to 'const float', possible loss of data
c:\users\b8062133\gametech\csc8503\gametech\tutorialgame.cpp(591): warning C4244: 'argument': conversion from 'unsigned int' to 'const float', possible loss of data
c:\users\b8062133\gametech\csc8503\gametech\tutorialgame.cpp(594): warning C4244: 'argument': conversion from 'unsigned int' to 'const float', possible loss of data
c:\users\b8062133\gametech\csc8503\gametech\tutorialgame.cpp(597): warning C4244: 'argument': conversion from 'unsigned int' to 'const float', possible loss of data
c:\users\b8062133\gametech\csc8503\gametech\tutorialgame.cpp(692): warning C4244: 'argument': conversion from 'int' to 'const float', possible loss of data
c:\users\b8062133\gametech\csc8503\gametech\tutorialgame.cpp(898): warning C4018: '<': signed/unsigned mismatch
  Generating code
  0 of 3313 functions ( 0.0%) were compiled, the rest were copied from previous compilation.
    0 functions were new in current compilation
    0 functions had inline decision re-evaluated but remain unchanged
  Finished generating code
  GameTech.vcxproj -> C:\Users\b8062133\GameTech\Release\GameTech.exe
